This is pdfTeX, Version 3.14159265-2.6-1.40.18 (TeX Live 2017) (preloaded format=pdflatex 2018.1.13)  31 MAR 2020 02:38
entering extended mode
 restricted \write18 enabled.
 file:line:error style messages enabled.
 %&-line parsing enabled.
**/Users/Ryanchang/Desktop/UofT/csc343/csc343a3.tex
(/Users/Ryanchang/Desktop/UofT/csc343/csc343a3.tex
LaTeX2e <2017-04-15>
Babel <3.10> and hyphenation patterns for 84 language(s) loaded.
(/usr/local/texlive/2017/texmf-dist/tex/latex/base/article.cls
Document Class: article 2014/09/29 v1.4h Standard LaTeX document class
(/usr/local/texlive/2017/texmf-dist/tex/latex/base/size12.clo
File: size12.clo 2014/09/29 v1.4h Standard LaTeX file (size option)
)
\c@part=\count79
\c@section=\count80
\c@subsection=\count81
\c@subsubsection=\count82
\c@paragraph=\count83
\c@subparagraph=\count84
\c@figure=\count85
\c@table=\count86
\abovecaptionskip=\skip41
\belowcaptionskip=\skip42
\bibindent=\dimen102
) (/usr/local/texlive/2017/texmf-dist/tex/latex/ccfonts/ccfonts.sty
Package: ccfonts 2000/06/30 v1.1 (WaS)
LaTeX Font Info:    Redeclaring symbol font `operators' on input line 78.
LaTeX Font Info:    Overwriting symbol font `operators' in version `normal'
(Font)                  OT1/cmr/m/n --> OT1/ccr/m/n on input line 78.
LaTeX Font Info:    Overwriting symbol font `operators' in version `bold'
(Font)                  OT1/cmr/bx/n --> OT1/ccr/m/n on input line 78.
LaTeX Font Info:    Redeclaring symbol font `letters' on input line 79.
LaTeX Font Info:    Overwriting symbol font `letters' in version `normal'
(Font)                  OML/cmm/m/it --> OML/ccm/m/it on input line 79.
LaTeX Font Info:    Overwriting symbol font `letters' in version `bold'
(Font)                  OML/cmm/b/it --> OML/ccm/m/it on input line 79.
LaTeX Font Info:    Redeclaring symbol font `symbols' on input line 80.
LaTeX Font Info:    Overwriting symbol font `symbols' in version `normal'
(Font)                  OMS/cmsy/m/n --> OMS/ccsy/m/n on input line 80.
LaTeX Font Info:    Overwriting symbol font `symbols' in version `bold'
(Font)                  OMS/cmsy/b/n --> OMS/ccsy/m/n on input line 80.
LaTeX Font Info:    Redeclaring symbol font `largesymbols' on input line 81.
LaTeX Font Info:    Overwriting symbol font `largesymbols' in version `normal'
(Font)                  OMX/cmex/m/n --> OMX/ccex/m/n on input line 81.
LaTeX Font Info:    Overwriting symbol font `largesymbols' in version `bold'
(Font)                  OMX/cmex/m/n --> OMX/ccex/m/n on input line 81.
LaTeX Font Info:    Redeclaring math alphabet \mathbf on input line 82.
LaTeX Font Info:    Overwriting math alphabet `\mathbf' in version `normal'
(Font)                  OT1/cmr/bx/n --> OT1/ccr/bx/n on input line 82.
LaTeX Font Info:    Overwriting math alphabet `\mathbf' in version `bold'
(Font)                  OT1/cmr/bx/n --> OT1/ccr/bx/n on input line 82.
LaTeX Font Info:    Redeclaring math alphabet \mathit on input line 83.
LaTeX Font Info:    Overwriting math alphabet `\mathit' in version `normal'
(Font)                  OT1/cmr/m/it --> OT1/ccr/m/it on input line 83.
LaTeX Font Info:    Overwriting math alphabet `\mathit' in version `bold'
(Font)                  OT1/cmr/bx/it --> OT1/ccr/m/it on input line 83.
) (/usr/local/texlive/2017/texmf-dist/tex/latex/preprint/fullpage.sty
Package: fullpage 1999/02/23 1.1 (PWD)
\FP@margin=\skip43
) (/usr/local/texlive/2017/texmf-dist/tex/latex/graphics/graphics.sty
Package: graphics 2017/04/14 v1.1b Standard LaTeX Graphics (DPC,SPQR)
 (/usr/local/texlive/2017/texmf-dist/tex/latex/graphics/trig.sty
Package: trig 2016/01/03 v1.10 sin cos tan (DPC)
) (/usr/local/texlive/2017/texmf-dist/tex/latex/graphics-cfg/graphics.cfg
File: graphics.cfg 2016/06/04 v1.11 sample graphics configuration
)
Package graphics Info: Driver file: pdftex.def on input line 99.
 (/usr/local/texlive/2017/texmf-dist/tex/latex/graphics-def/pdftex.def
File: pdftex.def 2017/01/12 v0.06k Graphics/color for pdfTeX
 (/usr/local/texlive/2017/texmf-dist/tex/generic/oberdiek/infwarerr.sty
Package: infwarerr 2016/05/16 v1.4 Providing info/warning/error messages (HO)
) (/usr/local/texlive/2017/texmf-dist/tex/generic/oberdiek/ltxcmds.sty
Package: ltxcmds 2016/05/16 v1.23 LaTeX kernel commands for general use (HO)
)
\Gread@gobject=\count87
)) (/usr/local/texlive/2017/texmf-dist/tex/latex/graphics/rotating.sty
Package: rotating 2016/08/11 v2.16d rotated objects in LaTeX
 (/usr/local/texlive/2017/texmf-dist/tex/latex/graphics/graphicx.sty
Package: graphicx 2014/10/28 v1.0g Enhanced LaTeX Graphics (DPC,SPQR)
 (/usr/local/texlive/2017/texmf-dist/tex/latex/graphics/keyval.sty
Package: keyval 2014/10/28 v1.15 key=value parser (DPC)
\KV@toks@=\toks14
)
\Gin@req@height=\dimen103
\Gin@req@width=\dimen104
) (/usr/local/texlive/2017/texmf-dist/tex/latex/base/ifthen.sty
Package: ifthen 2014/09/29 v1.1c Standard LaTeX ifthen package (DPC)
)
\c@r@tfl@t=\count88
\rotFPtop=\skip44
\rotFPbot=\skip45
\rot@float@box=\box26
\rot@mess@toks=\toks15
) (/usr/local/texlive/2017/texmf-dist/tex/latex/amsmath/amsmath.sty
Package: amsmath 2016/11/05 v2.16a AMS math features
\@mathmargin=\skip46

For additional information on amsmath, use the `?' option.
(/usr/local/texlive/2017/texmf-dist/tex/latex/amsmath/amstext.sty
Package: amstext 2000/06/29 v2.01 AMS text
 (/usr/local/texlive/2017/texmf-dist/tex/latex/amsmath/amsgen.sty
File: amsgen.sty 1999/11/30 v2.0 generic functions
\@emptytoks=\toks16
\ex@=\dimen105
)) (/usr/local/texlive/2017/texmf-dist/tex/latex/amsmath/amsbsy.sty
Package: amsbsy 1999/11/29 v1.2d Bold Symbols
\pmbraise@=\dimen106
) (/usr/local/texlive/2017/texmf-dist/tex/latex/amsmath/amsopn.sty
Package: amsopn 2016/03/08 v2.02 operator names
)
\inf@bad=\count89
LaTeX Info: Redefining \frac on input line 213.
\uproot@=\count90
\leftroot@=\count91
LaTeX Info: Redefining \overline on input line 375.
\classnum@=\count92
\DOTSCASE@=\count93
LaTeX Info: Redefining \ldots on input line 472.
LaTeX Info: Redefining \dots on input line 475.
LaTeX Info: Redefining \cdots on input line 596.
\Mathstrutbox@=\box27
\strutbox@=\box28
\big@size=\dimen107
LaTeX Font Info:    Redeclaring font encoding OML on input line 712.
LaTeX Font Info:    Redeclaring font encoding OMS on input line 713.
\macc@depth=\count94
\c@MaxMatrixCols=\count95
\dotsspace@=\muskip10
\c@parentequation=\count96
\dspbrk@lvl=\count97
\tag@help=\toks17
\row@=\count98
\column@=\count99
\maxfields@=\count100
\andhelp@=\toks18
\eqnshift@=\dimen108
\alignsep@=\dimen109
\tagshift@=\dimen110
\tagwidth@=\dimen111
\totwidth@=\dimen112
\lineht@=\dimen113
\@envbody=\toks19
\multlinegap=\skip47
\multlinetaggap=\skip48
\mathdisplay@stack=\toks20
LaTeX Info: Redefining \[ on input line 2817.
LaTeX Info: Redefining \] on input line 2818.
) (/usr/local/texlive/2017/texmf-dist/tex/latex/amsfonts/amssymb.sty
Package: amssymb 2013/01/14 v3.01 AMS font symbols
 (/usr/local/texlive/2017/texmf-dist/tex/latex/amsfonts/amsfonts.sty
Package: amsfonts 2013/01/14 v3.01 Basic AMSFonts support
\symAMSa=\mathgroup4
\symAMSb=\mathgroup5
LaTeX Font Info:    Overwriting math alphabet `\mathfrak' in version `bold'
(Font)                  U/euf/m/n --> U/euf/b/n on input line 106.
)) (/usr/local/texlive/2017/texmf-dist/tex/latex/setspace/setspace.sty
Package: setspace 2011/12/19 v6.7a set line spacing
) (/usr/local/texlive/2017/texmf-dist/tex/latex/tools/multicol.sty
Package: multicol 2017/04/11 v1.8q multicolumn formatting (FMi)
\c@tracingmulticols=\count101
\mult@box=\box29
\multicol@leftmargin=\dimen114
\c@unbalance=\count102
\c@collectmore=\count103
\doublecol@number=\count104
\multicoltolerance=\count105
\multicolpretolerance=\count106
\full@width=\dimen115
\page@free=\dimen116
\premulticols=\dimen117
\postmulticols=\dimen118
\multicolsep=\skip49
\multicolbaselineskip=\skip50
\partial@page=\box30
\last@line=\box31
\maxbalancingoverflow=\dimen119
\mult@rightbox=\box32
\mult@grightbox=\box33
\mult@gfirstbox=\box34
\mult@firstbox=\box35
\@tempa=\box36
\@tempa=\box37
\@tempa=\box38
\@tempa=\box39
\@tempa=\box40
\@tempa=\box41
\@tempa=\box42
\@tempa=\box43
\@tempa=\box44
\@tempa=\box45
\@tempa=\box46
\@tempa=\box47
\@tempa=\box48
\@tempa=\box49
\@tempa=\box50
\@tempa=\box51
\@tempa=\box52
\c@columnbadness=\count107
\c@finalcolumnbadness=\count108
\last@try=\dimen120
\multicolovershoot=\dimen121
\multicolundershoot=\dimen122
\mult@nat@firstbox=\box53
\colbreak@box=\box54
\mc@col@check@num=\count109
) (/usr/local/texlive/2017/texmf-dist/tex/latex/tools/tabularx.sty
Package: tabularx 2016/02/03 v2.11 `tabularx' package (DPC)
 (/usr/local/texlive/2017/texmf-dist/tex/latex/tools/array.sty
Package: array 2016/10/06 v2.4d Tabular extension package (FMi)
\col@sep=\dimen123
\extrarowheight=\dimen124
\NC@list=\toks21
\extratabsurround=\skip51
\backup@length=\skip52
)
\TX@col@width=\dimen125
\TX@old@table=\dimen126
\TX@old@col=\dimen127
\TX@target=\dimen128
\TX@delta=\dimen129
\TX@cols=\count110
\TX@ftn=\toks22
) (/Users/Ryanchang/Desktop/UofT/csc343/csc343a3.aux)
\openout1 = `csc343a3.aux'.

LaTeX Font Info:    Checking defaults for OML/cmm/m/it on input line 14.
LaTeX Font Info:    ... okay on input line 14.
LaTeX Font Info:    Checking defaults for T1/cmr/m/n on input line 14.
LaTeX Font Info:    ... okay on input line 14.
LaTeX Font Info:    Checking defaults for OT1/cmr/m/n on input line 14.
LaTeX Font Info:    ... okay on input line 14.
LaTeX Font Info:    Checking defaults for OMS/cmsy/m/n on input line 14.
LaTeX Font Info:    ... okay on input line 14.
LaTeX Font Info:    Checking defaults for OMX/cmex/m/n on input line 14.
LaTeX Font Info:    ... okay on input line 14.
LaTeX Font Info:    Checking defaults for U/cmr/m/n on input line 14.
LaTeX Font Info:    ... okay on input line 14.
LaTeX Font Info:    Try loading font information for OT1+ccr on input line 14.
 (/usr/local/texlive/2017/texmf-dist/tex/latex/concmath/ot1ccr.fd
File: ot1ccr.fd 1999/03/10 v2.0b LaTeX font defs for Concrete math fonts
) (/usr/local/texlive/2017/texmf-dist/tex/context/base/mkii/supp-pdf.mkii
[Loading MPS to PDF converter (version 2006.09.02).]
\scratchcounter=\count111
\scratchdimen=\dimen130
\scratchbox=\box55
\nofMPsegments=\count112
\nofMParguments=\count113
\everyMPshowfont=\toks23
\MPscratchCnt=\count114
\MPscratchDim=\dimen131
\MPnumerator=\count115
\makeMPintoPDFobject=\count116
\everyMPtoPDFconversion=\toks24
) (/usr/local/texlive/2017/texmf-dist/tex/generic/oberdiek/pdftexcmds.sty
Package: pdftexcmds 2017/03/19 v0.25 Utility functions of pdfTeX for LuaTeX (HO)
 (/usr/local/texlive/2017/texmf-dist/tex/generic/oberdiek/ifluatex.sty
Package: ifluatex 2016/05/16 v1.4 Provides the ifluatex switch (HO)
Package ifluatex Info: LuaTeX not detected.
) (/usr/local/texlive/2017/texmf-dist/tex/generic/oberdiek/ifpdf.sty
Package: ifpdf 2017/03/15 v3.2 Provides the ifpdf switch
)
Package pdftexcmds Info: LuaTeX not detected.
Package pdftexcmds Info: \pdf@primitive is available.
Package pdftexcmds Info: \pdf@ifprimitive is available.
Package pdftexcmds Info: \pdfdraftmode found.
) (/usr/local/texlive/2017/texmf-dist/tex/latex/oberdiek/epstopdf-base.sty
Package: epstopdf-base 2016/05/15 v2.6 Base part for package epstopdf
 (/usr/local/texlive/2017/texmf-dist/tex/latex/oberdiek/grfext.sty
Package: grfext 2016/05/16 v1.2 Manage graphics extensions (HO)
 (/usr/local/texlive/2017/texmf-dist/tex/generic/oberdiek/kvdefinekeys.sty
Package: kvdefinekeys 2016/05/16 v1.4 Define keys (HO)
)) (/usr/local/texlive/2017/texmf-dist/tex/latex/oberdiek/kvoptions.sty
Package: kvoptions 2016/05/16 v3.12 Key value format for package options (HO)
 (/usr/local/texlive/2017/texmf-dist/tex/generic/oberdiek/kvsetkeys.sty
Package: kvsetkeys 2016/05/16 v1.17 Key value parser (HO)
 (/usr/local/texlive/2017/texmf-dist/tex/generic/oberdiek/etexcmds.sty
Package: etexcmds 2016/05/16 v1.6 Avoid name clashes with e-TeX commands (HO)
Package etexcmds Info: Could not find \expanded.
(etexcmds)             That can mean that you are not using pdfTeX 1.50 or
(etexcmds)             that some package has redefined \expanded.
(etexcmds)             In the latter case, load this package earlier.
)))
Package epstopdf-base Info: Redefining graphics rule for `.eps' on input line 438.
Package grfext Info: Graphics extension search list:
(grfext)             [.png,.pdf,.jpg,.mps,.jpeg,.jbig2,.jb2,.PNG,.PDF,.JPG,.JPEG,.JBIG2,.JB2,.eps]
(grfext)             \AppendGraphicsExtensions on input line 456.
 (/usr/local/texlive/2017/texmf-dist/tex/latex/latexconfig/epstopdf-sys.cfg
File: epstopdf-sys.cfg 2010/07/13 v1.3 Configuration of (r)epstopdf for TeX Live
))
LaTeX Font Info:    Try loading font information for OML+ccm on input line 16.
 (/usr/local/texlive/2017/texmf-dist/tex/latex/concmath/omlccm.fd
File: omlccm.fd 1999/03/10 v2.0b LaTeX font defs for Concrete math fonts
)
LaTeX Font Info:    Try loading font information for OMS+ccsy on input line 16.
 (/usr/local/texlive/2017/texmf-dist/tex/latex/concmath/omsccsy.fd
File: omsccsy.fd 1999/03/10 v2.0b LaTeX font defs for Concrete math fonts
)
LaTeX Font Info:    Try loading font information for OMX+ccex on input line 16.
 (/usr/local/texlive/2017/texmf-dist/tex/latex/concmath/omxccex.fd
File: omxccex.fd 1999/03/10 v2.0b LaTeX font defs for Concrete math fonts
)
LaTeX Font Info:    External font `xccex10' loaded for size
(Font)              <14.4> on input line 16.
LaTeX Font Info:    External font `xccex10' loaded for size
(Font)              <10> on input line 16.
LaTeX Font Info:    External font `xccex10' loaded for size
(Font)              <7> on input line 16.
LaTeX Font Info:    External font `xccex10' loaded for size
(Font)              <12> on input line 21.
LaTeX Font Info:    External font `xccex10' loaded for size
(Font)              <8> on input line 21.
LaTeX Font Info:    External font `xccex10' loaded for size
(Font)              <6> on input line 21.
LaTeX Font Info:    Font shape `OT1/ccr/bx/n' in size <12> not available
(Font)              Font shape `OT1/cmr/bx/n' tried instead on input line 25.

Overfull \vbox (3.07018pt too high) has occurred while \output is active []


Overfull \vbox (3.07018pt too high) has occurred while \output is active []

 [1

{/usr/local/texlive/2017/texmf-var/fonts/map/pdftex/updmap/pdftex.map}] [2]
LaTeX Font Info:    Try loading font information for OMS+ccr on input line 124.
 (/usr/local/texlive/2017/texmf-dist/tex/latex/concmath/omsccr.fd
File: omsccr.fd 1999/03/10 v2.0b LaTeX font defs for Concrete math fonts
)
LaTeX Font Info:    Font shape `OMS/ccr/m/n' in size <12> not available
(Font)              Font shape `OMS/ccsy/m/n' tried instead on input line 124.
 [3]
LaTeX Font Info:    Font shape `OT1/ccr/bx/n' in size <14.4> not available
(Font)              Font shape `OT1/cmr/bx/n' tried instead on input line 153.

Overfull \hbox (58.60783pt too wide) in paragraph at lines 168--181
[] 
 []


Underfull \hbox (badness 10000) in paragraph at lines 183--193

 []


Overfull \hbox (17.7551pt too wide) in paragraph at lines 193--211
[] 
 []


Underfull \hbox (badness 10000) in paragraph at lines 193--211

 []

[4]
Underfull \hbox (badness 10000) in paragraph at lines 216--216
[]|$\OML/ccm/m/it/12 C[] \OT1/ccr/m/n/12 =
 []


Overfull \hbox (124.26053pt too wide) in paragraph at lines 211--231
[] 
 []


Underfull \hbox (badness 10000) in paragraph at lines 211--231

 []

[5]
Overfull \hbox (58.60783pt too wide) in paragraph at lines 234--254
[] 
 []


Underfull \hbox (badness 10000) in paragraph at lines 234--254

 []


Underfull \hbox (badness 10000) in paragraph at lines 259--259
[]|$\OML/ccm/m/it/12 C[] \OT1/ccr/m/n/12 =
 []


Underfull \hbox (badness 10000) in paragraph at lines 267--267
[]|$\OML/ccm/m/it/12 EH[] \OT1/ccr/m/n/12 =
 []


Underfull \hbox (badness 10000) in paragraph at lines 269--269
[]|$\OML/ccm/m/it/12 EJ[] \OT1/ccr/m/n/12 =
 []


Underfull \hbox (badness 10000) in paragraph at lines 271--271
[]|$\OML/ccm/m/it/12 HJ[] \OT1/ccr/m/n/12 =
 []


Overfull \hbox (58.60783pt too wide) in paragraph at lines 254--274
[] 
 []


Underfull \hbox (badness 10000) in paragraph at lines 254--274

 []


Underfull \hbox (badness 10000) in paragraph at lines 275--276

 []

[6] (/Users/Ryanchang/Desktop/UofT/csc343/csc343a3.aux) ) 
Here is how much of TeX's memory you used:
 2852 strings out of 492995
 39478 string characters out of 6132704
 114642 words of memory out of 5000000
 6336 multiletter control sequences out of 15000+600000
 13094 words of font info for 49 fonts, out of 8000000 for 9000
 1141 hyphenation exceptions out of 8191
 39i,11n,26p,271b,348s stack positions out of 5000i,500n,10000p,200000b,80000s
 </Users/Ryanchang/Library/texlive/2017/texmf-var/fonts/pk/ljfour/public/concmath-fonts/xccam10.720pk> </Users/Ryanchang/Library/texlive/2017/texmf-var/fonts/pk/ljfour/public/concmath-fonts/xccsy8.600pk> </Users/Ryanchang/Library/texlive/2017/texmf-var/fonts/pk/ljfour/public/concrete/ccr6.600pk> </Users/Ryanchang/Library/texlive/2017/texmf-var/fonts/pk/ljfour/public/concmath-fonts/xccmi6.600pk> </Users/Ryanchang/Library/texlive/2017/texmf-var/fonts/pk/ljfour/public/concrete/ccr8.600pk> </Users/Ryanchang/Library/texlive/2017/texmf-var/fonts/pk/ljfour/public/concmath-fonts/xccsy10.720pk> </Users/Ryanchang/Library/texlive/2017/texmf-var/fonts/pk/ljfour/public/concmath-fonts/xccmi8.600pk> </Users/Ryanchang/Library/texlive/2017/texmf-var/fonts/pk/ljfour/public/concmath-fonts/xccmi10.720pk> </Users/Ryanchang/Library/texlive/2017/texmf-var/fonts/pk/ljfour/public/concrete/ccr10.720pk> </Users/Ryanchang/Library/texlive/2017/texmf-var/fonts/pk/ljfour/public/concrete/ccr10.864pk> </Users/Ryanchang/Library/texlive/2017/texmf-var/fonts/pk/ljfour/public/concrete/ccr10.1244pk></usr/local/texlive/2017/texmf-dist/fonts/type1/public/amsfonts/cm/cmbx12.pfb>
Output written on /Users/Ryanchang/Desktop/UofT/csc343/csc343a3.pdf (6 pages, 67350 bytes).
PDF statistics:
 214 PDF objects out of 1000 (max. 8388607)
 61 compressed objects within 1 object stream
 0 named destinations out of 1000 (max. 500000)
 1 words of extra memory for PDF output out of 10000 (max. 10000000)

